0 verbose rootPath D:\Desktop\comossodysseywithlerna
1 silly argv {
1 silly argv   _: [ 'bootstrap' ],
1 silly argv   lernaVersion: '5.0.1',
1 silly argv   '$0': 'C:\\Users\\Kristen\\AppData\\Roaming\\npm\\node_modules\\lerna-cli\\cli.js'
1 silly argv }
2 notice cli v5.0.1
3 verbose rootPath D:\Desktop\comossodysseywithlerna
4 error JSONError: Unexpected string in JSON at position 196 while parsing '{  "name": "backend",  "version": "1.0' in packages\backend\package.json
4 error
4 error [0m [90m  7 |[39m     [32m"start"[39m[33m:[39m [32m"tsc && node --experimental-specifier-resolution=node dist/src/index.js"[39m[0m
4 error [0m [90m  8 |[39m   }[0m
4 error [0m[31m[1m>[22m[39m[90m  9 |[39m   [32m"dependencies"[39m[33m:[39m {[0m
4 error [0m [90m    |[39m   [31m[1m^[22m[39m[0m
4 error [0m [90m 10 |[39m     [32m"core-js"[39m[33m:[39m [32m"^3.6.5"[39m[33m,[39m[0m
4 error [0m [90m 11 |[39m     [32m"express"[39m[33m:[39m [32m"^4.17.2"[39m[33m,[39m[0m
4 error [0m [90m 12 |[39m     [32m"node-fetch"[39m[33m:[39m [32m"^3.1.0"[39m[0m
4 error
4 error     at parseJson (C:\Users\Kristen\AppData\Roaming\npm\node_modules\lerna-cli\node_modules\parse-json\index.js:29:21)
4 error     at parse (C:\Users\Kristen\AppData\Roaming\npm\node_modules\lerna-cli\node_modules\load-json-file\index.js:15:9)
4 error     at module.exports (C:\Users\Kristen\AppData\Roaming\npm\node_modules\lerna-cli\node_modules\load-json-file\index.js:18:47)
